Sep 08, Sat 16:18:10,752 - DeviceService - INFO - Init
Sep 08, Sat 16:18:10,877 - DeviceFactory - INFO - Producing Wallwasher 1 (BVgWGjqNt22Ld5SgoqbZq8) device
Sep 08, Sat 16:18:10,884 - DeviceFactory - INFO - Producing Role Modülü 1 (Y7nVZ5G6gEMtaektRAuQTo) device
Sep 08, Sat 16:51:37,164 - DeviceService - INFO - Init
Sep 08, Sat 16:51:37,184 - DeviceFactory - INFO - Producing Wallwasher 1 (BVgWGjqNt22Ld5SgoqbZq8) device
Sep 08, Sat 16:51:37,200 - DeviceFactory - INFO - Producing Role Modülü 1 (Y7nVZ5G6gEMtaektRAuQTo) device
Sep 08, Sat 16:56:37,796 - DeviceService - INFO - Init
Sep 08, Sat 16:56:37,815 - DeviceFactory - INFO - Producing Wallwasher 1 (BVgWGjqNt22Ld5SgoqbZq8) device
Sep 08, Sat 16:56:37,815 - DeviceFactory - INFO - Producing Role Modülü 1 (Y7nVZ5G6gEMtaektRAuQTo) device
Sep 08, Sat 16:56:38,158 - django.security.DisallowedHost - ERROR - Invalid HTTP_HOST header: '127.0.0.1:8000'. You may need to add u'127.0.0.1' to ALLOWED_HOSTS.
Sep 08, Sat 16:56:39,20 - django.security.DisallowedHost - ERROR - Invalid HTTP_HOST header: '127.0.0.1:8000'. You may need to add u'127.0.0.1' to ALLOWED_HOSTS.
Sep 08, Sat 16:57:30,726 - DeviceService - INFO - Init
Sep 08, Sat 16:57:30,746 - DeviceFactory - INFO - Producing Wallwasher 1 (BVgWGjqNt22Ld5SgoqbZq8) device
Sep 08, Sat 16:57:30,746 - DeviceFactory - INFO - Producing Role Modülü 1 (Y7nVZ5G6gEMtaektRAuQTo) device
Sep 08, Sat 16:57:31,15 - MARKDOWN - DEBUG - Successfuly imported extension module "markdown.extensions.toc".
Sep 08, Sat 16:57:31,16 - MARKDOWN - DEBUG - Successfully loaded extension "markdown.extensions.toc.TocExtension".
Sep 08, Sat 16:57:32,403 - django.request - WARNING - Not Found: /favicon.ico
Sep 08, Sat 16:57:47,964 - MARKDOWN - DEBUG - Successfuly imported extension module "markdown.extensions.toc".
Sep 08, Sat 16:57:47,964 - MARKDOWN - DEBUG - Successfully loaded extension "markdown.extensions.toc.TocExtension".
Sep 08, Sat 17:00:21,269 - DeviceService - INFO - Init
Sep 08, Sat 17:00:21,289 - DeviceFactory - INFO - Producing Wallwasher 1 (BVgWGjqNt22Ld5SgoqbZq8) device
Sep 08, Sat 17:00:21,289 - DeviceFactory - INFO - Producing Role Modülü 1 (Y7nVZ5G6gEMtaektRAuQTo) device
